2023-09-21 14:31:22.138 [INFO] {d853cbae3fd686177f929e78f13f78db} swagger ui is serving at address: http://127.0.0.1:10441/swagger/
2023-09-21 14:31:22.138 [INFO] pid[3436]: http server started listening on [:10441]
2023-09-21 14:31:22.138 [INFO] {d853cbae3fd686177f929e78f13f78db} openapi specification is serving at address: http://127.0.0.1:10441/api.json

  ADDRESS | METHOD |        ROUTE         |                                    HANDLER                                    |    MIDDLEWARE      
----------|--------|----------------------|-------------------------------------------------------------------------------|--------------------
  :10441  | ALL    | /                    | kes-speed-backend/internal/cmd.glob..func1.1.1                                |                    
----------|--------|----------------------|-------------------------------------------------------------------------------|--------------------
  :10441  | ALL    | /*                   | github.com/gogf/gf/v2/net/ghttp.internalMiddlewareServerTracing               | GLOBAL MIDDLEWARE  
----------|--------|----------------------|-------------------------------------------------------------------------------|--------------------
  :10441  | ALL    | /*                   | kes-speed-backend/internal/global/g_middleware.(*sMiddleware).MiddlewareCORS  | GLOBAL MIDDLEWARE  
----------|--------|----------------------|-------------------------------------------------------------------------------|--------------------
  :10441  | ALL    | /*                   | kes-speed-backend/internal/global/g_middleware.(*sMiddleware).ResponseHandler | GLOBAL MIDDLEWARE  
----------|--------|----------------------|-------------------------------------------------------------------------------|--------------------
  :10441  | ALL    | /api.json            | github.com/gogf/gf/v2/net/ghttp.(*Server).openapiSpec                         |                    
----------|--------|----------------------|-------------------------------------------------------------------------------|--------------------
  :10441  | ALL    | /debug/pprof/*action | github.com/gogf/gf/v2/net/ghttp.(*utilPProf).Index                            |                    
----------|--------|----------------------|-------------------------------------------------------------------------------|--------------------
  :10441  | ALL    | /debug/pprof/cmdline | github.com/gogf/gf/v2/net/ghttp.(*utilPProf).Cmdline                          |                    
----------|--------|----------------------|-------------------------------------------------------------------------------|--------------------
  :10441  | ALL    | /debug/pprof/profile | github.com/gogf/gf/v2/net/ghttp.(*utilPProf).Profile                          |                    
----------|--------|----------------------|-------------------------------------------------------------------------------|--------------------
  :10441  | ALL    | /debug/pprof/symbol  | github.com/gogf/gf/v2/net/ghttp.(*utilPProf).Symbol                           |                    
----------|--------|----------------------|-------------------------------------------------------------------------------|--------------------
  :10441  | ALL    | /debug/pprof/trace   | github.com/gogf/gf/v2/net/ghttp.(*utilPProf).Trace                            |                    
----------|--------|----------------------|-------------------------------------------------------------------------------|--------------------
  :10441  | ALL    | /swagger/*           | github.com/gogf/gf/v2/net/ghttp.(*Server).swaggerUI                           | HOOK_BEFORE_SERVE  
----------|--------|----------------------|-------------------------------------------------------------------------------|--------------------
  :10441  | ALL    | /version             | kes-speed-backend/internal/cmd.glob..func1.1.2                                |                    
----------|--------|----------------------|-------------------------------------------------------------------------------|--------------------

2023-09-21 14:31:23.132 [DEBU] 定时任务启动中...
2023-09-21 14:31:23.132 [DEBU] 定时任务启动成功
2023-09-21 14:31:29.454 3436: server gracefully shutting down by signal: interrupt
2023-09-21 14:31:29.455 [INFO] pid[3436]: all servers shutdown
